-------------------------------------------------------------------------------
Test set: ARunner.RunCucumberTest
-------------------------------------------------------------------------------
Tests run: 19, Failures: 1, Errors: 6, Skipped: 0, Time elapsed: 377.586 s <<< FAILURE! - in ARunner.RunCucumberTest
Successfull Login & log out of a New User(Login Mechanism Test scearios)  Time elapsed: 24.903 s  <<< ERROR!
java.lang.IllegalArgumentException: Keys to send should be a not null CharSequence

Forgot Password Reover(Login Mechanism Test scearios)  Time elapsed: 29.312 s  <<< FAILURE!
org.junit.ComparisonFailure: 
Failed to Find Correct Profile Name!! expected:<[please correct the following errors to continue!
* this email has not been registered!]> but was:<[a error ]>

Successfull creation of new User(Create Account Mechanism Test scearios)  Time elapsed: 34.747 s  <<< ERROR!
org.openqa.selenium.NoSuchElementException: 
no such element: Unable to locate element: {"method":"xpath","selector":"//textarea[@name='custom_field_1']"}
  (Session info: chrome=147.0.7727.55)
For documentation on this error, please visit: https://www.selenium.dev/documentation/webdriver/troubleshooting/errors#no-such-element-exception
Build info: version: '4.31.0', revision: '1ef9f18787*'
System info: os.name: 'Mac OS X', os.arch: 'x86_64', os.version: '26.3.1', java.version: '21.0.7'
Driver info: org.openqa.selenium.chrome.ChromeDriver
Command: [f4612fa703a10333323f12140201f7c5, findElement {value=//textarea[@name='custom_field_1'], using=xpath}]
Capabilities {acceptInsecureCerts: false, browserName: chrome, browserVersion: 147.0.7727.55, chrome: {chromedriverVersion: 147.0.7727.56 (b28eac7a1a97..., userDataDir: /var/folders/53/wqhwmn8n7l7...}, fedcm:accounts: true, goog:chromeOptions: {debuggerAddress: localhost:51654}, goog:processID: 89275, networkConnectionEnabled: false, pageLoadStrategy: normal, platformName: mac, proxy: Proxy(), se:cdp: ws://localhost:51654/devtoo..., se:cdpVersion: 147.0.7727.55, setWindowRect: true, strictFileInteractability: false, timeouts: {implicit: 0, pageLoad: 300000, script: 30000}, unhandledPromptBehavior: dismiss and notify, webauthn:extension:credBlob: true, webauthn:extension:largeBlob: true, webauthn:extension:minPinLength: true, webauthn:extension:prf: true, webauthn:virtualAuthenticators: true}
Session ID: f4612fa703a10333323f12140201f7c5

Error on Existing User Registration.(Create Account Mechanism Test scearios)  Time elapsed: 24.2 s  <<< ERROR!
java.lang.IllegalArgumentException: Keys to send should be a not null CharSequence

User see all Get to Know us Footer Links(My Account Test scearios)  Time elapsed: 14.538 s  <<< ERROR!
io.cucumber.junit.UndefinedStepException: 
The step 'I validate all Page Footer Get to know us links are like below' is undefined.
You can implement this step using the snippet(s) below:

@Then("I validate all Page Footer Get to know us links are like below")
public void iValidateAllPageFooterGetToKnowUsLinksAreLikeBelow(io.cucumber.datatable.DataTable dataTable) {
    // Write code here that turns the phrase above into concrete actions
    // For automatic transformation, change DataTable to one of
    // E, List<E>, List<List<E>>, List<Map<K,V>>, Map<K,V> or
    // Map<K, List<V>>. E,K,V must be a String, Integer, Float,
    // Double, Byte, Short, Long, BigInteger or BigDecimal.
    //
    // For other transformations you can register a DataTableType.
    throw new io.cucumber.java.PendingException();
}


THis a demo sceario(sample by Student 3)  Time elapsed: 0.037 s  <<< ERROR!
io.cucumber.junit.UndefinedStepException: 
The step 'I' and 3 other step(s) are undefined.
You can implement these steps using the snippet(s) below:

@Given("I")
public void i() {
    // Write code here that turns the phrase above into concrete actions
    throw new io.cucumber.java.PendingException();
}
@When("I")
public void i() {
    // Write code here that turns the phrase above into concrete actions
    throw new io.cucumber.java.PendingException();
}
@Then("I")
public void i() {
    // Write code here that turns the phrase above into concrete actions
    throw new io.cucumber.java.PendingException();
}


THis a demo sceario(sample by Student 3)  Time elapsed: 0.038 s  <<< ERROR!
java.lang.NullPointerException: Cannot invoke "org.openqa.selenium.WebDriver.close()" because "stepdefinationcode.A1StepCodeHelper.getBrowser().driver" is null

