<?xml version="1.0" encoding="UTF-8"?>
<testsuite xmlns:xsi="http://www.w3.org/2001/XMLSchema-instance" xsi:noNamespaceSchemaLocation="https://maven.apache.org/surefire/maven-surefire-plugin/xsd/surefire-test-report.xsd" name="ARunner.RunCucumberTest" time="377.586" tests="19" errors="6" skipped="0" failures="1">
  <properties>
[...]
</properties>
  <testcase name="Successfull Login as a User" classname="Login Mechanism Test scearios" time="35.03"/>
  <testcase name="Login with Invalid ID" classname="Login Mechanism Test scearios" time="24.751"/>
  <testcase name="Blank user name Entry Error Show Up" classname="Login Mechanism Test scearios" time="27.621"/>
  <testcase name="Blank Password Entry Error Show Up" classname="Login Mechanism Test scearios" time="27.457"/>
  <testcase name="Successfull Login &amp; log out of a New User" classname="Login Mechanism Test scearios" time="24.903">
    <error message="Keys to send should be a not null CharSequence" type="java.lang.IllegalArgumentException">java.lang.IllegalArgumentException: Keys to send should be a not null CharSequence
</error>
    <system-out><![CDATA[
Scenario: Successfull Login & log out of a New User                                              # src/test/resources/1_Login.feature:33
  Given I Open my computers "chrome" browser                                                     # stepdefinationcode.CommonSteps.i_open_my_computers_browser(java.lang.String)
  And I browse to mct website using url "https://www.demo.iscripts.com/multicart/demo/index.php" # stepdefinationcode.CommonSteps.i_browse_to_website(java.lang.String)
  And I click on login link                                                                      # stepdefinationcode.CommonPageActions.i_click_on_login_link()
  And I click on signup button                                                                   # stepdefinationcode.CommonPageActions.i_click_on_signup_button()
  When I complete the registration form for a new "userxy004"                                    # stepdefinationcode.DomainSteps.i_complete_the_registration_form(java.lang.String)
      java.lang.IllegalArgumentException: Keys to send should be a not null CharSequence
	at org.openqa.selenium.remote.RemoteWebElement.sendKeys(RemoteWebElement.java:96)
	at pageobjectmodel.PageParent.enterValueOnWebElement(PageParent.java:52)
	at pageobjectmodel.RegistrationPage.completeREgistrationWithUser(RegistrationPage.java:47)
	at stepdefinationcode.DomainSteps.i_complete_the_registration_form(DomainSteps.java:20)
	at ✽.I complete the registration form for a new "userxy004"(file:///Users/ranajitchowdhury/eclipse-workspace/Mct_Automation_Framework/src/test/resources/1_Login.feature:35)

  Then I expect my profile name text as "Mr Auto userxy004"                                      # stepdefinationcode.AllValidationSteps.i_expect_my_profile_name_text(java.lang.String)
  And I logout for the user                                                                      # stepdefinationcode.CommonPageActions.i_log_Out()

    Embedding screenShots [image/png 97382 bytes]

]]></system-out>
    <system-err><![CDATA[Apr 10, 2026 10:26:33 PM org.openqa.selenium.devtools.CdpVersionFinder findNearestMatch
WARNING: Unable to find CDP implementation matching 147
Apr 10, 2026 10:26:33 PM org.openqa.selenium.chromium.ChromiumDriver lambda$new$4
WARNING: Unable to find version of CDP to use for 147.0.7727.55. You may need to include a dependency on a specific version of the CDP using something similar to `org.seleniumhq.selenium:selenium-devtools-v86:4.31.0` where the version ("v86") matches the version of the chromium-based browser you're using and the version number of the artifact is the same as Selenium's.
]]></system-err>
  </testcase>
  <testcase name="Forgot Password Reover" classname="Login Mechanism Test scearios" time="29.312">
    <failure message="Failed to Find Correct Profile Name!! expected:&lt;[please correct the following errors to continue!&#10;* this email has not been registered!]&gt; but was:&lt;[a error ]&gt;" type="org.junit.ComparisonFailure"><![CDATA[org.junit.ComparisonFailure: 
Failed to Find Correct Profile Name!! expected:<[please correct the following errors to continue!
* this email has not been registered!]> but was:<[a error ]>
]]></failure>
    <system-out><![CDATA[
Scenario: Forgot Password Reover                                                                 # src/test/resources/1_Login.feature:40
  Given I Open my computers "chrome" browser                                                     # stepdefinationcode.CommonSteps.i_open_my_computers_browser(java.lang.String)
  And I browse to mct website using url "https://www.demo.iscripts.com/multicart/demo/index.php" # stepdefinationcode.CommonSteps.i_browse_to_website(java.lang.String)
  And I click on login link                                                                      # stepdefinationcode.CommonPageActions.i_click_on_login_link()
  And I click on forgotpassword link                                                             # stepdefinationcode.CommonPageActions.iClickOnForgotpasswordLink()
  And I enter regemail as "abc@aa.bb"                                                            # stepdefinationcode.CommonPageActions.iEnterRegemailAs(java.lang.String)
  When I click on reset password button                                                          # stepdefinationcode.CommonPageActions.iClickOnResetPasswordButton()
  Then I validate a error text as "a error "                                                     # stepdefinationcode.AllValidationSteps.iValidateAErrorTextAs(java.lang.String)
      org.junit.ComparisonFailure: Failed to Find Correct Profile Name!! expected:<[please correct the following errors to continue!
* this email has not been registered!]> but was:<[a error ]>
	at org.junit.Assert.assertEquals(Assert.java:117)
	at stepdefinationcode.AllValidationSteps.iValidateAErrorTextAs(AllValidationSteps.java:125)
	at ✽.I validate a error text as "a error "(file:///Users/ranajitchowdhury/eclipse-workspace/Mct_Automation_Framework/src/test/resources/1_Login.feature:44)


    Embedding screenShots [image/png 87392 bytes]

]]></system-out>
    <system-err><![CDATA[Apr 10, 2026 10:26:58 PM org.openqa.selenium.devtools.CdpVersionFinder findNearestMatch
WARNING: Unable to find CDP implementation matching 147
Apr 10, 2026 10:26:58 PM org.openqa.selenium.chromium.ChromiumDriver lambda$new$4
WARNING: Unable to find version of CDP to use for 147.0.7727.55. You may need to include a dependency on a specific version of the CDP using something similar to `org.seleniumhq.selenium:selenium-devtools-v86:4.31.0` where the version ("v86") matches the version of the chromium-based browser you're using and the version number of the artifact is the same as Selenium's.
]]></system-err>
  </testcase>
  <testcase name="Successfull creation of new User" classname="Create Account Mechanism Test scearios" time="34.747">
    <error message="no such element: Unable to locate element: {&quot;method&quot;:&quot;xpath&quot;,&quot;selector&quot;:&quot;//textarea[@name=&apos;custom_field_1&apos;]&quot;}&#10;  (Session info: chrome=147.0.7727.55)&#10;For documentation on this error, please visit: https://www.selenium.dev/documentation/webdriver/troubleshooting/errors#no-such-element-exception&#10;Build info: version: &apos;4.31.0&apos;, revision: &apos;1ef9f18787*&apos;&#10;System info: os.name: &apos;Mac OS X&apos;, os.arch: &apos;x86_64&apos;, os.version: &apos;26.3.1&apos;, java.version: &apos;21.0.7&apos;&#10;Driver info: org.openqa.selenium.chrome.ChromeDriver&#10;Command: [f4612fa703a10333323f12140201f7c5, findElement {value=//textarea[@name=&apos;custom_field_1&apos;], using=xpath}]&#10;Capabilities {acceptInsecureCerts: false, browserName: chrome, browserVersion: 147.0.7727.55, chrome: {chromedriverVersion: 147.0.7727.56 (b28eac7a1a97..., userDataDir: /var/folders/53/wqhwmn8n7l7...}, fedcm:accounts: true, goog:chromeOptions: {debuggerAddress: localhost:51654}, goog:processID: 89275, networkConnectionEnabled: false, pageLoadStrategy: normal, platformName: mac, proxy: Proxy(), se:cdp: ws://localhost:51654/devtoo..., se:cdpVersion: 147.0.7727.55, setWindowRect: true, strictFileInteractability: false, timeouts: {implicit: 0, pageLoad: 300000, script: 30000}, unhandledPromptBehavior: dismiss and notify, webauthn:extension:credBlob: true, webauthn:extension:largeBlob: true, webauthn:extension:minPinLength: true, webauthn:extension:prf: true, webauthn:virtualAuthenticators: true}&#10;Session ID: f4612fa703a10333323f12140201f7c5" type="org.openqa.selenium.NoSuchElementException">org.openqa.selenium.NoSuchElementException: 
no such element: Unable to locate element: {"method":"xpath","selector":"//textarea[@name='custom_field_1']"}
  (Session info: chrome=147.0.7727.55)
For documentation on this error, please visit: https://www.selenium.dev/documentation/webdriver/troubleshooting/errors#no-such-element-exception
Build info: version: '4.31.0', revision: '1ef9f18787*'
System info: os.name: 'Mac OS X', os.arch: 'x86_64', os.version: '26.3.1', java.version: '21.0.7'
Driver info: org.openqa.selenium.chrome.ChromeDriver
Command: [f4612fa703a10333323f12140201f7c5, findElement {value=//textarea[@name='custom_field_1'], using=xpath}]
Capabilities {acceptInsecureCerts: false, browserName: chrome, browserVersion: 147.0.7727.55, chrome: {chromedriverVersion: 147.0.7727.56 (b28eac7a1a97..., userDataDir: /var/folders/53/wqhwmn8n7l7...}, fedcm:accounts: true, goog:chromeOptions: {debuggerAddress: localhost:51654}, goog:processID: 89275, networkConnectionEnabled: false, pageLoadStrategy: normal, platformName: mac, proxy: Proxy(), se:cdp: ws://localhost:51654/devtoo..., se:cdpVersion: 147.0.7727.55, setWindowRect: true, strictFileInteractability: false, timeouts: {implicit: 0, pageLoad: 300000, script: 30000}, unhandledPromptBehavior: dismiss and notify, webauthn:extension:credBlob: true, webauthn:extension:largeBlob: true, webauthn:extension:minPinLength: true, webauthn:extension:prf: true, webauthn:virtualAuthenticators: true}
Session ID: f4612fa703a10333323f12140201f7c5
</error>
    <system-out><![CDATA[
Scenario: Successfull creation of new User                                                       # src/test/resources/2_CreateAccount.feature:8
  Given I Open my computers "chrome" browser                                                     # stepdefinationcode.CommonSteps.i_open_my_computers_browser(java.lang.String)
  And I browse to mct website using url "https://www.demo.iscripts.com/multicart/demo/index.php" # stepdefinationcode.CommonSteps.i_browse_to_website(java.lang.String)
  And I click on login link                                                                      # stepdefinationcode.CommonPageActions.i_click_on_login_link()
  And I click on signup button                                                                   # stepdefinationcode.CommonPageActions.i_click_on_signup_button()
  When I complete the registration form for a new "generateNew"                                  # stepdefinationcode.DomainSteps.i_complete_the_registration_form(java.lang.String)
      org.openqa.selenium.NoSuchElementException: no such element: Unable to locate element: {"method":"xpath","selector":"//textarea[@name='custom_field_1']"}
  (Session info: chrome=147.0.7727.55)
For documentation on this error, please visit: https://www.selenium.dev/documentation/webdriver/troubleshooting/errors#no-such-element-exception
Build info: version: '4.31.0', revision: '1ef9f18787*'
System info: os.name: 'Mac OS X', os.arch: 'x86_64', os.version: '26.3.1', java.version: '21.0.7'
Driver info: org.openqa.selenium.chrome.ChromeDriver
Command: [f4612fa703a10333323f12140201f7c5, findElement {value=//textarea[@name='custom_field_1'], using=xpath}]
Capabilities {acceptInsecureCerts: false, browserName: chrome, browserVersion: 147.0.7727.55, chrome: {chromedriverVersion: 147.0.7727.56 (b28eac7a1a97..., userDataDir: /var/folders/53/wqhwmn8n7l7...}, fedcm:accounts: true, goog:chromeOptions: {debuggerAddress: localhost:51654}, goog:processID: 89275, networkConnectionEnabled: false, pageLoadStrategy: normal, platformName: mac, proxy: Proxy(), se:cdp: ws://localhost:51654/devtoo..., se:cdpVersion: 147.0.7727.55, setWindowRect: true, strictFileInteractability: false, timeouts: {implicit: 0, pageLoad: 300000, script: 30000}, unhandledPromptBehavior: dismiss and notify, webauthn:extension:credBlob: true, webauthn:extension:largeBlob: true, webauthn:extension:minPinLength: true, webauthn:extension:prf: true, webauthn:virtualAuthenticators: true}
Session ID: f4612fa703a10333323f12140201f7c5
	at java.base/jdk.internal.reflect.DirectConstructorHandleAccessor.newInstance(DirectConstructorHandleAccessor.java:62)
	at java.base/java.lang.reflect.Constructor.newInstanceWithCaller(Constructor.java:502)
	at java.base/java.lang.reflect.Constructor.newInstance(Constructor.java:486)
	at org.openqa.selenium.remote.ErrorCodec.decode(ErrorCodec.java:167)
	at org.openqa.selenium.remote.codec.w3c.W3CHttpResponseCodec.decode(W3CHttpResponseCodec.java:138)
	at org.openqa.selenium.remote.codec.w3c.W3CHttpResponseCodec.decode(W3CHttpResponseCodec.java:50)
	at org.openqa.selenium.remote.HttpCommandExecutor.execute(HttpCommandExecutor.java:215)
	at org.openqa.selenium.remote.service.DriverCommandExecutor.invokeExecute(DriverCommandExecutor.java:216)
	at org.openqa.selenium.remote.service.DriverCommandExecutor.execute(DriverCommandExecutor.java:174)
	at org.openqa.selenium.remote.RemoteWebDriver.execute(RemoteWebDriver.java:545)
	at org.openqa.selenium.remote.ElementLocation$ElementFinder$2.findElement(ElementLocation.java:165)
	at org.openqa.selenium.remote.ElementLocation.findElement(ElementLocation.java:59)
	at org.openqa.selenium.remote.RemoteWebDriver.findElement(RemoteWebDriver.java:368)
	at org.openqa.selenium.remote.RemoteWebDriver.findElement(RemoteWebDriver.java:362)
	at pageobjectmodel.PageParent.enterValueOnWebElementByxpath(PageParent.java:63)
	at pageobjectmodel.RegistrationPage.completeREgistrationWithUser(RegistrationPage.java:53)
	at stepdefinationcode.DomainSteps.i_complete_the_registration_form(DomainSteps.java:20)
	at ✽.I complete the registration form for a new "generateNew"(file:///Users/ranajitchowdhury/eclipse-workspace/Mct_Automation_Framework/src/test/resources/2_CreateAccount.feature:10)

  Then I expect my profile name text as "Mr Auto generateNew"                                    # stepdefinationcode.AllValidationSteps.i_expect_my_profile_name_text(java.lang.String)

    Embedding screenShots [image/png 82158 bytes]

]]></system-out>
    <system-err><![CDATA[Apr 10, 2026 10:27:27 PM org.openqa.selenium.devtools.CdpVersionFinder findNearestMatch
WARNING: Unable to find CDP implementation matching 147
Apr 10, 2026 10:27:27 PM org.openqa.selenium.chromium.ChromiumDriver lambda$new$4
WARNING: Unable to find version of CDP to use for 147.0.7727.55. You may need to include a dependency on a specific version of the CDP using something similar to `org.seleniumhq.selenium:selenium-devtools-v86:4.31.0` where the version ("v86") matches the version of the chromium-based browser you're using and the version number of the artifact is the same as Selenium's.
]]></system-err>
  </testcase>
  <testcase name="Error on Existing User Registration." classname="Create Account Mechanism Test scearios" time="24.2">
    <error message="Keys to send should be a not null CharSequence" type="java.lang.IllegalArgumentException">java.lang.IllegalArgumentException: Keys to send should be a not null CharSequence
</error>
    <system-out><![CDATA[
Scenario: Error on Existing User Registration.                                                                                                                                                           # src/test/resources/2_CreateAccount.feature:13
  Given I Open my computers "chrome" browser                                                                                                                                                             # stepdefinationcode.CommonSteps.i_open_my_computers_browser(java.lang.String)
  And I browse to mct website using url "https://www.demo.iscripts.com/multicart/demo/index.php"                                                                                                         # stepdefinationcode.CommonSteps.i_browse_to_website(java.lang.String)
  And I click on login link                                                                                                                                                                              # stepdefinationcode.CommonPageActions.i_click_on_login_link()
  And I click on signup button                                                                                                                                                                           # stepdefinationcode.CommonPageActions.i_click_on_signup_button()
  When I complete the registration form for a new "user008"                                                                                                                                              # stepdefinationcode.DomainSteps.i_complete_the_registration_form(java.lang.String)
      java.lang.IllegalArgumentException: Keys to send should be a not null CharSequence
	at org.openqa.selenium.remote.RemoteWebElement.sendKeys(RemoteWebElement.java:96)
	at pageobjectmodel.PageParent.enterValueOnWebElement(PageParent.java:52)
	at pageobjectmodel.RegistrationPage.completeREgistrationWithUser(RegistrationPage.java:47)
	at stepdefinationcode.DomainSteps.i_complete_the_registration_form(DomainSteps.java:20)
	at ✽.I complete the registration form for a new "user008"(file:///Users/ranajitchowdhury/eclipse-workspace/Mct_Automation_Framework/src/test/resources/2_CreateAccount.feature:15)

  Then I expect existing reg error name text as "Please correct the following errors to continue!* User Name already exists!* The email address is already in use!.Terms & Conditions cannot be empty !" # stepdefinationcode.AllValidationSteps.validateExistRegregError(java.lang.String)

    Embedding screenShots [image/png 97382 bytes]

]]></system-out>
    <system-err><![CDATA[Apr 10, 2026 10:28:02 PM org.openqa.selenium.devtools.CdpVersionFinder findNearestMatch
WARNING: Unable to find CDP implementation matching 147
Apr 10, 2026 10:28:02 PM org.openqa.selenium.chromium.ChromiumDriver lambda$new$4
WARNING: Unable to find version of CDP to use for 147.0.7727.55. You may need to include a dependency on a specific version of the CDP using something similar to `org.seleniumhq.selenium:selenium-devtools-v86:4.31.0` where the version ("v86") matches the version of the chromium-based browser you're using and the version number of the artifact is the same as Selenium's.
]]></system-err>
  </testcase>
  <testcase name="User see all my Account Options" classname="My Account Test scearios" time="32.977"/>
  <testcase name="User see all Get to Know us Footer Links" classname="My Account Test scearios" time="14.538">
    <error message="The step &apos;I validate all Page Footer Get to know us links are like below&apos; is undefined.&#10;You can implement this step using the snippet(s) below:&#10;&#10;@Then(&quot;I validate all Page Footer Get to know us links are like below&quot;)&#10;public void iValidateAllPageFooterGetToKnowUsLinksAreLikeBelow(io.cucumber.datatable.DataTable dataTable) {&#10;    // Write code here that turns the phrase above into concrete actions&#10;    // For automatic transformation, change DataTable to one of&#10;    // E, List&lt;E&gt;, List&lt;List&lt;E&gt;&gt;, List&lt;Map&lt;K,V&gt;&gt;, Map&lt;K,V&gt; or&#10;    // Map&lt;K, List&lt;V&gt;&gt;. E,K,V must be a String, Integer, Float,&#10;    // Double, Byte, Short, Long, BigInteger or BigDecimal.&#10;    //&#10;    // For other transformations you can register a DataTableType.&#10;    throw new io.cucumber.java.PendingException();&#10;}&#10;" type="io.cucumber.junit.UndefinedStepException"><![CDATA[io.cucumber.junit.UndefinedStepException: 
The step 'I validate all Page Footer Get to know us links are like below' is undefined.
You can implement this step using the snippet(s) below:

@Then("I validate all Page Footer Get to know us links are like below")
public void iValidateAllPageFooterGetToKnowUsLinksAreLikeBelow(io.cucumber.datatable.DataTable dataTable) {
    // Write code here that turns the phrase above into concrete actions
    // For automatic transformation, change DataTable to one of
    // E, List<E>, List<List<E>>, List<Map<K,V>>, Map<K,V> or
    // Map<K, List<V>>. E,K,V must be a String, Integer, Float,
    // Double, Byte, Short, Long, BigInteger or BigDecimal.
    //
    // For other transformations you can register a DataTableType.
    throw new io.cucumber.java.PendingException();
}

]]></error>
    <system-out><![CDATA[
Scenario: User see all Get to Know us Footer Links                                               # src/test/resources/3_Myaccount.feature:37
  Given I Open my computers "chrome" browser                                                     # stepdefinationcode.CommonSteps.i_open_my_computers_browser(java.lang.String)
  And I browse to mct website using url "https://www.demo.iscripts.com/multicart/demo/index.php" # stepdefinationcode.CommonSteps.i_browse_to_website(java.lang.String)
  Then I validate all Page Footer Get to know us links are like below                            # null
]]></system-out>
    <system-err><![CDATA[Apr 10, 2026 10:28:59 PM org.openqa.selenium.devtools.CdpVersionFinder findNearestMatch
WARNING: Unable to find CDP implementation matching 147
Apr 10, 2026 10:28:59 PM org.openqa.selenium.chromium.ChromiumDriver lambda$new$4
WARNING: Unable to find version of CDP to use for 147.0.7727.55. You may need to include a dependency on a specific version of the CDP using something similar to `org.seleniumhq.selenium:selenium-devtools-v86:4.31.0` where the version ("v86") matches the version of the chromium-based browser you're using and the version number of the artifact is the same as Selenium's.
]]></system-err>
  </testcase>
  <testcase name="Successfull login to Internet Page secure area" classname="Login Feature Of the Internet Page" time="15.766"/>
  <testcase name="Error login to Internet Page secure area" classname="Login Feature Of the Internet Page" time="15.571"/>
  <testcase name="Error Black Password Filed" classname="Login Feature Of the Internet Page" time="15.43"/>
  <testcase name="Loading Three Dynamic Timed Element" classname="Wait time learnig" time="15.072"/>
  <testcase name="web page Alert Handeling" classname="Alert" time="9.343"/>
  <testcase name="Working With Frame" classname="Selenium Frame Switch Learning" time="19.263"/>
  <testcase name="Working With Multiple WIndow" classname="Selenium Multiple Window" time="10.769"/>
  <testcase name="THis a demo sceario" classname="sample by Student 3" time="0.037">
    <error message="The step &apos;I&apos; and 3 other step(s) are undefined.&#10;You can implement these steps using the snippet(s) below:&#10;&#10;@Given(&quot;I&quot;)&#10;public void i() {&#10;    // Write code here that turns the phrase above into concrete actions&#10;    throw new io.cucumber.java.PendingException();&#10;}&#10;@When(&quot;I&quot;)&#10;public void i() {&#10;    // Write code here that turns the phrase above into concrete actions&#10;    throw new io.cucumber.java.PendingException();&#10;}&#10;@Then(&quot;I&quot;)&#10;public void i() {&#10;    // Write code here that turns the phrase above into concrete actions&#10;    throw new io.cucumber.java.PendingException();&#10;}&#10;" type="io.cucumber.junit.UndefinedStepException">io.cucumber.junit.UndefinedStepException: 
The step 'I' and 3 other step(s) are undefined.
You can implement these steps using the snippet(s) below:

@Given("I")
public void i() {
    // Write code here that turns the phrase above into concrete actions
    throw new io.cucumber.java.PendingException();
}
@When("I")
public void i() {
    // Write code here that turns the phrase above into concrete actions
    throw new io.cucumber.java.PendingException();
}
@Then("I")
public void i() {
    // Write code here that turns the phrase above into concrete actions
    throw new io.cucumber.java.PendingException();
}

</error>
    <system-out><![CDATA[
Scenario: THis a demo sceario # src/test/resources/9_studenteNewFile.feature:3
  Given I                     # null
  When I                      # null
  Then I                      # null
  But I                       # null
      java.lang.NullPointerException: Cannot invoke "org.openqa.selenium.WebDriver.close()" because "stepdefinationcode.A1StepCodeHelper.getBrowser().driver" is null
	at stepdefinationcode.HookStepCode.tearDown(HookStepCode.java:32)

]]></system-out>
  </testcase>
  <testcase name="THis a demo sceario" classname="sample by Student 3" time="0.038">
    <error message="Cannot invoke &quot;org.openqa.selenium.WebDriver.close()&quot; because &quot;stepdefinationcode.A1StepCodeHelper.getBrowser().driver&quot; is null" type="java.lang.NullPointerException">java.lang.NullPointerException: Cannot invoke "org.openqa.selenium.WebDriver.close()" because "stepdefinationcode.A1StepCodeHelper.getBrowser().driver" is null
</error>
  </testcase>
</testsuite>